<?xml version="1.0" encoding="UTF-8"?>
<testsuite name="faang.school.godbless.streamAPI.StreamAPI_1.TestStreamApiTest" tests="8" skipped="0" failures="0" errors="0" timestamp="2023-06-25T05:06:29" hostname="DESKTOP-CCKSM76" time="0.043">
  <properties/>
  <testcase name="getFilterSubstring()" classname="faang.school.godbless.streamAPI.StreamAPI_1.TestStreamApiTest" time="0.023"/>
  <testcase name="getFilterLength()" classname="faang.school.godbless.streamAPI.StreamAPI_1.TestStreamApiTest" time="0.002"/>
  <testcase name="TestGetMapStringLength()" classname="faang.school.godbless.streamAPI.StreamAPI_1.TestStreamApiTest" time="0.001"/>
  <testcase name="getAverageInt()" classname="faang.school.godbless.streamAPI.StreamAPI_1.TestStreamApiTest" time="0.003"/>
  <testcase name="getMaxInt()" classname="faang.school.godbless.streamAPI.StreamAPI_1.TestStreamApiTest" time="0.002"/>
  <testcase name="getSumInt()" classname="faang.school.godbless.streamAPI.StreamAPI_1.TestStreamApiTest" time="0.001"/>
  <testcase name="getQuantityFirstEntry()" classname="faang.school.godbless.streamAPI.StreamAPI_1.TestStreamApiTest" time="0.002"/>
  <testcase name="getMinFromListButMoreNumber()" classname="faang.school.godbless.streamAPI.StreamAPI_1.TestStreamApiTest" time="0.001"/>
  <system-out><![CDATA[]]></system-out>
  <system-err><![CDATA[]]></system-err>
</testsuite>
